hLJDecision/build/outputs/logs/manifest-merger-release-report.txt
-- Merging decision tree log ---
provider#android.support.v4.content.FileProvider
INJECTED from src/main/AndroidManifest.xml:58:9-66:20
	android:grantUriPermissions
		ADDED from src/main/AndroidManifest.xml:62:13-47
	android:authorities
		INJECTED from src/main/AndroidManifest.xml
		ADDED from src/main/AndroidManifest.xml:60:13-64
	android:exported
		ADDED from src/main/AndroidManifest.xml:61:13-37
	android:name
		ADDED from src/main/AndroidManifest.xml:59:13-67
action#shawn.cxwl.com.hlj.intent.action.COMMAND
INJECTED from src/main/AndroidManifest.xml:417:17-81
	android:name
		INJECTED from src/main/AndroidManifest.xml
		ADDED from src/main/AndroidManifest.xml:417:25-78
provider#com.umeng.message.provider.MessageProvider
INJECTED from src/main/AndroidManifest.xml:457:9-462:20
	android:authorities
		INJECTED from src/main/AndroidManifest.xml
		ADDED from src/main/AndroidManifest.xml:459:13-65
	android:exported
		ADDED from src/main/AndroidManifest.xml:460:13-37
	android:name
		ADDED from src/main/AndroidManifest.xml:458:13-70
manifest
ADDED from src/main/AndroidManifest.xml:2:1-467:12
INJECTED from src/main/AndroidManifest.xml:2:1-467:12
INJECTED from src/main/AndroidManifest.xml:2:1-467:12
INJECTED from src/main/AndroidManifest.xml:2:1-467:12
MERGED from [:indicatorlibrary] AndroidManifest.xml:2:1-11:12
MERGED from [com.android.support:appcompat-v7:27.1.0] AndroidManifest.xml:17:1-22:12
MERGED from [com.squareup.picasso:picasso:2.71828] AndroidManifest.xml:2:1-14:12
MERGED from [com.android.support:support-fragment:27.1.0] AndroidManifest.xml:17:1-22:12
MERGED from [com.android.support:animated-vector-drawable:27.1.0] AndroidManifest.xml:17:1-22:12
MERGED from [com.android.support:support-core-ui:27.1.0] AndroidManifest.xml:17:1-22:12
MERGED from [com.android.support:support-core-utils:27.1.0] AndroidManifest.xml:17:1-22:12
MERGED from [com.android.support:support-vector-drawable:27.1.0] AndroidManifest.xml:17:1-22:12
MERGED from [com.android.support:exifinterface:27.1.0] AndroidManifest.xml:17:1-22:12
MERGED from [com.android.support:support-compat:27.1.0] AndroidManifest.xml:17:1-22:12
MERGED from [android.arch.lifecycle:livedata-core:1.1.0] AndroidManifest.xml:17:1-22:12
MERGED from [android.arch.lifecycle:viewmodel:1.1.0] AndroidManifest.xml:17:1-22:12
MERGED from [android.arch.lifecycle:runtime:1.1.0] AndroidManifest.xml:17:1-22:12
MERGED from [android.arch.core:runtime:1.1.0] AndroidManifest.xml:17:1-22:12
INJECTED from src/main/AndroidManifest.xml:2:1-467:12
INJECTED from src/main/AndroidManifest.xml:2:1-467:12
INJECTED from src/main/AndroidManifest.xml:2:1-467:12
	package
		ADDED from src/main/AndroidManifest.xml:4:5-33
		INJECTED from src/main/AndroidManifest.xml
		INJECTED from src/main/AndroidManifest.xml
	android:versionName
		INJECTED from src/main/AndroidManifest.xml
		ADDED from src/main/AndroidManifest.xml:2:1-467:12
		INJECTED from src/main/AndroidManifest.xml
	xmlns:tools
		ADDED from src/main/AndroidManifest.xml:3:5-51
	android:versionCode
		INJECTED from src/main/AndroidManifest.xml
		ADDED from src/main/AndroidManifest.xml:2:1-467:12
		INJECTED from src/main/AndroidManifest.xml
	xmlns:android
		ADDED from src/main/AndroidManifest.xml:2:11-69
uses-permission#android.permission.INTERNET
ADDED from src/main/AndroidManifest.xml:6:5-67
	android:name
		ADDED from src/main/AndroidManifest.xml:6:22-64
uses-permission#android.permission.WRITE_EXTERNAL_STORAGE
ADDED from src/main/AndroidManifest.xml:7:5-81
	android:name
		ADDED from src/main/AndroidManifest.xml:7:22-78
uses-permission#android.permission.ACCESS_COARSE_LOCATION
ADDED from src/main/AndroidManifest.xml:8:5-81
	android:name
		ADDED from src/main/AndroidManifest.xml:8:22-78
uses-permission#android.permission.ACCESS_NETWORK_STATE
ADDED from src/main/AndroidManifest.xml:9:5-79
	android:name
		ADDED from src/main/AndroidManifest.xml:9:22-76
uses-permission#android.permission.ACCESS_FINE_LOCATION
ADDED from src/main/AndroidManifest.xml:10:5-79
	android:name
		ADDED from src/main/AndroidManifest.xml:10:22-76
uses-permission#android.permission.READ_PHONE_STATE
ADDED from src/main/AndroidManifest.xml:11:5-75
	android:name
		ADDED from src/main/AndroidManifest.xml:11:22-72
uses-permission#android.permission.CHANGE_WIFI_STATE
ADDED from src/main/AndroidManifest.xml:12:5-76
	android:name
		ADDED from src/main/AndroidManifest.xml:12:22-73
uses-permission#android.permission.ACCESS_WIFI_STATE
ADDED from src/main/AndroidManifest.xml:13:5-76
	android:name
		ADDED from src/main/AndroidManifest.xml:13:22-73
uses-permission#android.permission.CHANGE_CONFIGURATION
ADDED from src/main/AndroidManifest.xml:14:5-79
	android:name
		ADDED from src/main/AndroidManifest.xml:14:22-76
uses-permission#android.permission.WAKE_LOCK
ADDED from src/main/AndroidManifest.xml:15:5-68
	android:name
		ADDED from src/main/AndroidManifest.xml:15:22-65
uses-permission#android.permission.WRITE_SETTINGS
ADDED from src/main/AndroidManifest.xml:16:5-73
	android:name
		ADDED from src/main/AndroidManifest.xml:16:22-70
uses-permission#android.permission.CALL_PHONE
ADDED from src/main/AndroidManifest.xml:17:5-69
	android:name
		ADDED from src/main/AndroidManifest.xml:17:22-66
uses-permission#android.permission.REQUEST_INSTALL_PACKAGES
ADDED from src/main/AndroidManifest.xml:19:5-83
	android:name
		ADDED from src/main/AndroidManifest.xml:19:22-80
uses-permission#android.permission.READ_EXTERNAL_STORAGE
ADDED from src/main/AndroidManifest.xml:22:5-80
	android:name
		ADDED from src/main/AndroidManifest.xml:22:22-77
uses-permission#android.permission.READ_LOGS
ADDED from src/main/AndroidManifest.xml:23:5-68
	android:name
		ADDED from src/main/AndroidManifest.xml:23:22-65
uses-permission#android.permission.GET_TASKS
ADDED from src/main/AndroidManifest.xml:24:5-68
	android:name
		ADDED from src/main/AndroidManifest.xml:24:22-65
uses-permission#android.permission.SET_DEBUG_APP
ADDED from src/main/AndroidManifest.xml:25:5-72
	android:name
		ADDED from src/main/AndroidManifest.xml:25:22-69
uses-permission#android.permission.SYSTEM_ALERT_WINDOW
ADDED from src/main/AndroidManifest.xml:26:5-78
	android:name
		ADDED from src/main/AndroidManifest.xml:26:22-75
uses-permission#android.permission.GET_ACCOUNTS
ADDED from src/main/AndroidManifest.xml:27:5-71
	android:name
		ADDED from src/main/AndroidManifest.xml:27:22-68
uses-permission#android.permission.USE_CREDENTIALS
ADDED from src/main/AndroidManifest.xml:28:5-74
	android:name
		ADDED from src/main/AndroidManifest.xml:28:22-71
uses-permission#android.permission.MANAGE_ACCOUNTS
ADDED from src/main/AndroidManifest.xml:29:5-74
	android:name
		ADDED from src/main/AndroidManifest.xml:29:22-71
uses-permission#android.permission.BROADCAST_PACKAGE_ADDED
ADDED from src/main/AndroidManifest.xml:30:5-82
	android:name
		ADDED from src/main/AndroidManifest.xml:30:22-79
uses-permission#android.permission.BROADCAST_PACKAGE_CHANGED
ADDED from src/main/AndroidManifest.xml:31:5-84
	android:name
		ADDED from src/main/AndroidManifest.xml:31:22-81
uses-permission#android.permission.BROADCAST_PACKAGE_INSTALL
ADDED from src/main/AndroidManifest.xml:32:5-84
	android:name
		ADDED from src/main/AndroidManifest.xml:32:22-81
uses-permission#android.permission.BROADCAST_PACKAGE_REPLACED
ADDED from src/main/AndroidManifest.xml:33:5-85
	android:name
		ADDED from src/main/AndroidManifest.xml:33:22-82
uses-permission#android.permission.RESTART_PACKAGES
ADDED from src/main/AndroidManifest.xml:34:5-75
	android:name
		ADDED from src/main/AndroidManifest.xml:34:22-72
uses-permission#android.permission.RECEIVE_BOOT_COMPLETED
ADDED from src/main/AndroidManifest.xml:35:5-81
	android:name
		ADDED from src/main/AndroidManifest.xml:35:22-78
uses-permission#android.permission.CHANGE_NETWORK_STATE
ADDED from src/main/AndroidManifest.xml:36:5-79
	android:name
		ADDED from src/main/AndroidManifest.xml:36:22-76
application
ADDED from src/main/AndroidManifest.xml:39:5-465:19
MERGED from [com.squareup.picasso:picasso:2.71828] AndroidManifest.xml:7:5-12:19
MERGED from [com.squareup.picasso:picasso:2.71828] AndroidManifest.xml:7:5-12:19
	android:label
		ADDED from src/main/AndroidManifest.xml:43:9-41
	tools:ignore
		ADDED from src/main/AndroidManifest.xml:45:9-48
	android:icon
		ADDED from src/main/AndroidManifest.xml:42:9-41
	android:allowBackup
		ADDED from src/main/AndroidManifest.xml:41:9-35
	android:theme
		ADDED from src/main/AndroidManifest.xml:44:9-48
	android:networkSecurityConfig
		ADDED from src/main/AndroidManifest.xml:46:9-69
	android:name
		ADDED from src/main/AndroidManifest.xml:40:9-52
uses-library#org.apache.http.legacy
ADDED from src/main/AndroidManifest.xml:49:9-87
	android:required
		ADDED from src/main/AndroidManifest.xml:49:61-85
	android:name
		ADDED from src/main/AndroidManifest.xml:49:23-60
receiver#com.hlj.utils.AutoUpdateBroadcastReceiver
ADDED from src/main/AndroidManifest.xml:52:9-57:20
	android:name
		ADDED from src/main/AndroidManifest.xml:52:19-75
intent-filter#action:name:android.intent.action.DOWNLOAD_COMPLETE+action:name:android.intent.action.PACKAGE_INSTALL
ADDED from src/main/AndroidManifest.xml:53:13-56:29
action#android.intent.action.DOWNLOAD_COMPLETE
ADDED from src/main/AndroidManifest.xml:54:17-82
	android:name
		ADDED from src/main/AndroidManifest.xml:54:25-79
action#android.intent.action.PACKAGE_INSTALL
ADDED from src/main/AndroidManifest.xml:55:17-80
	android:name
		ADDED from src/main/AndroidManifest.xml:55:25-77
meta-data#com.amap.api.v2.apikey
ADDED from src/main/AndroidManifest.xml:79:9-81:59
	android:value
		ADDED from src/main/AndroidManifest.xml:81:9-57
	android:name
		ADDED from src/main/AndroidManifest.xml:80:9-46
service#com.amap.api.location.APSService
ADDED from src/main/AndroidManifest.xml:87:9-68
	android:name
		ADDED from src/main/AndroidManifest.xml:87:18-65
activity#com.hlj.activity.ShawnWelcomeActivity
ADDED from src/main/AndroidManifest.xml:89:9-95:20
	android:name
		ADDED from src/main/AndroidManifest.xml:89:19-71
intent-filter#action:name:android.intent.action.MAIN+category:name:android.intent.category.LAUNCHER
ADDED from src/main/AndroidManifest.xml:90:13-94:29
action#android.intent.action.MAIN
ADDED from src/main/AndroidManifest.xml:91:17-69
	android:name
		ADDED from src/main/AndroidManifest.xml:91:25-66
category#android.intent.category.LAUNCHER
ADDED from src/main/AndroidManifest.xml:93:17-77
	android:name
		ADDED from src/main/AndroidManifest.xml:93:27-74
activity#com.hlj.activity.HMainActivity
ADDED from src/main/AndroidManifest.xml:97:9-99:52
	android:screenOrientation
		ADDED from src/main/AndroidManifest.xml:99:13-49
	android:name
		ADDED from src/main/AndroidManifest.xml:98:13-58
activity#com.hlj.activity.HLoginActivity
ADDED from src/main/AndroidManifest.xml:101:9-104:52
	android:screenOrientation
		ADDED from src/main/AndroidManifest.xml:104:13-49
	android:launchMode
		ADDED from src/main/AndroidManifest.xml:103:13-44
	android:name
		ADDED from src/main/AndroidManifest.xml:102:13-59
activity#com.hlj.activity.HSettingActivity
ADDED from src/main/AndroidManifest.xml:106:9-109:52
	android:screenOrientation
		ADDED from src/main/AndroidManifest.xml:109:13-49
	android:launchMode
		ADDED from src/main/AndroidManifest.xml:108:13-44
	android:name
		ADDED from src/main/AndroidManifest.xml:107:13-61
activity#com.hlj.activity.HCityActivity
ADDED from src/main/AndroidManifest.xml:111:9-114:52
	android:screenOrientation
		ADDED from src/main/AndroidManifest.xml:114:13-49
	android:launchMode
		ADDED from src/main/AndroidManifest.xml:113:13-44
	android:name
		ADDED from src/main/AndroidManifest.xml:112:13-58
activity#com.hlj.activity.HWeatherDetailActivity
ADDED from src/main/AndroidManifest.xml:116:9-119:52
	android:screenOrientation
		ADDED from src/main/AndroidManifest.xml:119:13-49
	android:launchMode
		ADDED from src/main/AndroidManifest.xml:118:13-44
	android:name
		ADDED from src/main/AndroidManifest.xml:117:13-67
activity#com.hlj.activity.HChannelManageActivity
ADDED from src/main/AndroidManifest.xml:121:9-123:52
	android:screenOrientation
		ADDED from src/main/AndroidManifest.xml:123:13-49
	android:name
		ADDED from src/main/AndroidManifest.xml:122:13-67
activity#com.hlj.activity.TrendDetailActivity
ADDED from src/main/AndroidManifest.xml:125:9-127:52
	android:screenOrientation
		ADDED from src/main/AndroidManifest.xml:127:13-49
	android:name
		ADDED from src/main/AndroidManifest.xml:126:13-64
activity#com.hlj.activity.HAgriWeatherDetailActivity
ADDED from src/main/AndroidManifest.xml:129:9-131:52
	android:screenOrientation
		ADDED from src/main/AndroidManifest.xml:131:13-49
	android:name
		ADDED from src/main/AndroidManifest.xml:130:13-71
activity#com.hlj.activity.WeatherKepuDetailActivity
ADDED from src/main/AndroidManifest.xml:133:9-135:52
	android:screenOrientation
		ADDED from src/main/AndroidManifest.xml:135:13-49
	android:name
		ADDED from src/main/AndroidManifest.xml:134:13-70
activity#com.hlj.activity.WarningSignalActivity
ADDED from src/main/AndroidManifest.xml:137:9-139:52
	android:screenOrientation
		ADDED from src/main/AndroidManifest.xml:139:13-49
	android:name
		ADDED from src/main/AndroidManifest.xml:138:13-66
activity#com.hlj.activity.HUrlActivity
ADDED from src/main/AndroidManifest.xml:141:9-143:52
	android:screenOrientation
		ADDED from src/main/AndroidManifest.xml:143:13-49
	android:name
		ADDED from src/main/AndroidManifest.xml:142:13-57
activity#com.hlj.activity.Url2Activity
ADDED from src/main/AndroidManifest.xml:145:9-147:52
	android:screenOrientation
		ADDED from src/main/AndroidManifest.xml:147:13-49
	android:name
		ADDED from src/main/AndroidManifest.xml:146:13-57
activity#com.hlj.activity.SinggleUrlActivity
ADDED from src/main/AndroidManifest.xml:149:9-151:52
	android:screenOrientation
		ADDED from src/main/AndroidManifest.xml:151:13-49
	android:name
		ADDED from src/main/AndroidManifest.xml:150:13-63
activity#com.hlj.activity.HTempratureForecastActivity
ADDED from src/main/AndroidManifest.xml:153:9-155:52
	android:screenOrientation
		ADDED from src/main/AndroidManifest.xml:155:13-49
	android:name
		ADDED from src/main/AndroidManifest.xml:154:13-72
activity#com.hlj.activity.HPdfListActivity
ADDED from src/main/AndroidManifest.xml:157:9-159:52
	android:screenOrientation
		ADDED from src/main/AndroidManifest.xml:159:13-49
	android:name
		ADDED from src/main/AndroidManifest.xml:158:13-61
activity#com.hlj.activity.HWeatherRadarActivity
ADDED from src/main/AndroidManifest.xml:161:9-163:52
	android:screenOrientation
		ADDED from src/main/AndroidManifest.xml:163:13-49
	android:name
		ADDED from src/main/AndroidManifest.xml:162:13-66
activity#com.hlj.activity.HCommonPdfListActivity
ADDED from src/main/AndroidManifest.xml:165:9-167:52
	android:screenOrientation
		ADDED from src/main/AndroidManifest.xml:167:13-49
	android:name
		ADDED from src/main/AndroidManifest.xml:166:13-67
activity#com.hlj.activity.HSixHourRainfallActivity
ADDED from src/main/AndroidManifest.xml:169:9-171:52
	android:screenOrientation
		ADDED from src/main/AndroidManifest.xml:171:13-49
	android:name
		ADDED from src/main/AndroidManifest.xml:170:13-69
activity#com.hlj.activity.HAirPolutionActivity
ADDED from src/main/AndroidManifest.xml:173:9-176:52
	android:screenOrientation
		ADDED from src/main/AndroidManifest.xml:176:13-49
	android:configChanges
		ADDED from src/main/AndroidManifest.xml:175:13-83
	android:name
		ADDED from src/main/AndroidManifest.xml:174:13-65
activity#com.hlj.activity.HProvinceForecastActivity
ADDED from src/main/AndroidManifest.xml:178:9-180:52
	android:screenOrientation
		ADDED from src/main/AndroidManifest.xml:180:13-49
	android:name
		ADDED from src/main/AndroidManifest.xml:179:13-70
activity#com.hlj.activity.HWeatherStaticsActivity
ADDED from src/main/AndroidManifest.xml:182:9-184:52
	android:screenOrientation
		ADDED from src/main/AndroidManifest.xml:184:13-49
	android:name
		ADDED from src/main/AndroidManifest.xml:183:13-68
activity#com.hlj.activity.HHeadWarningActivity
ADDED from src/main/AndroidManifest.xml:186:9-188:52
	android:screenOrientation
		ADDED from src/main/AndroidManifest.xml:188:13-49
	android:name
		ADDED from src/main/AndroidManifest.xml:187:13-65
activity#com.hlj.activity.HWeatherChartAnalysisActivity
ADDED from src/main/AndroidManifest.xml:190:9-192:52
	android:screenOrientation
		ADDED from src/main/AndroidManifest.xml:192:13-49
	android:name
		ADDED from src/main/AndroidManifest.xml:191:13-74
activity#com.hlj.activity.FactActivity2
ADDED from src/main/AndroidManifest.xml:194:9-196:52
	android:screenOrientation
		ADDED from src/main/AndroidManifest.xml:196:13-49
	android:name
		ADDED from src/main/AndroidManifest.xml:195:13-58
activity#com.hlj.activity.ShawnFactMonitorActivity
ADDED from src/main/AndroidManifest.xml:198:9-200:52
	android:screenOrientation
		ADDED from src/main/AndroidManifest.xml:200:13-49
	android:name
		ADDED from src/main/AndroidManifest.xml:199:13-69
activity#com.hlj.activity.FactDetailActivity
ADDED from src/main/AndroidManifest.xml:202:9-204:52
	android:screenOrientation
		ADDED from src/main/AndroidManifest.xml:204:13-49
	android:name
		ADDED from src/main/AndroidManifest.xml:203:13-63
activity#com.hlj.activity.FactDetailChartActivity
ADDED from src/main/AndroidManifest.xml:206:9-208:52
	android:screenOrientation
		ADDED from src/main/AndroidManifest.xml:208:13-49
	android:name
		ADDED from src/main/AndroidManifest.xml:207:13-68
activity#com.hlj.activity.TyphoonRouteActivity
ADDED from src/main/AndroidManifest.xml:210:9-212:52
	android:screenOrientation
		ADDED from src/main/AndroidManifest.xml:212:13-49
	android:name
		ADDED from src/main/AndroidManifest.xml:211:13-65
activity#com.hlj.activity.HReserveCityActivity
ADDED from src/main/AndroidManifest.xml:214:9-216:52
	android:screenOrientation
		ADDED from src/main/AndroidManifest.xml:216:13-49
	android:name
		ADDED from src/main/AndroidManifest.xml:215:13-65
activity#com.hlj.activity.HWarningListActivity
ADDED from src/main/AndroidManifest.xml:218:9-220:52
	android:screenOrientation
		ADDED from src/main/AndroidManifest.xml:220:13-49
	android:name
		ADDED from src/main/AndroidManifest.xml:219:13-65
activity#com.hlj.activity.ShawnPointForeActivity
ADDED from src/main/AndroidManifest.xml:222:9-224:52
	android:screenOrientation
		ADDED from src/main/AndroidManifest.xml:224:13-49
	android:name
		ADDED from src/main/AndroidManifest.xml:223:13-67
activity#com.hlj.activity.ShawnPointForeDetailActivity
ADDED from src/main/AndroidManifest.xml:226:9-228:52
	android:screenOrientation
		ADDED from src/main/AndroidManifest.xml:228:13-49
	android:name
		ADDED from src/main/AndroidManifest.xml:227:13-73
activity#com.hlj.activity.ShawnAgriActivity
ADDED from src/main/AndroidManifest.xml:230:9-232:52
	android:screenOrientation
		ADDED from src/main/AndroidManifest.xml:232:13-49
	android:name
		ADDED from src/main/AndroidManifest.xml:231:13-62
activity#com.hlj.activity.HFeedbackActivity
ADDED from src/main/AndroidManifest.xml:234:9-237:52
	android:screenOrientation
		ADDED from src/main/AndroidManifest.xml:237:13-49
	android:launchMode
		ADDED from src/main/AndroidManifest.xml:236:13-44
	android:name
		ADDED from src/main/AndroidManifest.xml:235:13-62
activity#com.hlj.activity.WeatherRadarDetailActivity
ADDED from src/main/AndroidManifest.xml:239:9-242:52
	android:screenOrientation
		ADDED from src/main/AndroidManifest.xml:242:13-49
	android:launchMode
		ADDED from src/main/AndroidManifest.xml:241:13-44
	android:name
		ADDED from src/main/AndroidManifest.xml:240:13-71
activity#com.hlj.activity.RadarZoomActivity
ADDED from src/main/AndroidManifest.xml:244:9-248:50
	android:screenOrientation
		ADDED from src/main/AndroidManifest.xml:248:13-47
	android:launchMode
		ADDED from src/main/AndroidManifest.xml:247:13-44
	android:configChanges
		ADDED from src/main/AndroidManifest.xml:246:13-83
	android:name
		ADDED from src/main/AndroidManifest.xml:245:13-62
activity#com.hlj.activity.HMinuteFallActivity
ADDED from src/main/AndroidManifest.xml:250:9-253:52
	android:screenOrientation
		ADDED from src/main/AndroidManifest.xml:253:13-49
	android:launchMode
		ADDED from src/main/AndroidManifest.xml:252:13-44
	android:name
		ADDED from src/main/AndroidManifest.xml:251:13-64
activity#com.hlj.activity.HWarningDetailActivity
ADDED from src/main/AndroidManifest.xml:255:9-258:52
	android:screenOrientation
		ADDED from src/main/AndroidManifest.xml:258:13-49
	android:launchMode
		ADDED from src/main/AndroidManifest.xml:257:13-44
	android:name
		ADDED from src/main/AndroidManifest.xml:256:13-67
activity#com.hlj.activity.HWebviewActivity
ADDED from src/main/AndroidManifest.xml:260:9-263:52
	android:screenOrientation
		ADDED from src/main/AndroidManifest.xml:263:13-49
	android:launchMode
		ADDED from src/main/AndroidManifest.xml:262:13-44
	android:name
		ADDED from src/main/AndroidManifest.xml:261:13-61
activity#com.hlj.activity.HPDFActivity
ADDED from src/main/AndroidManifest.xml:265:9-268:52
	android:screenOrientation
		ADDED from src/main/AndroidManifest.xml:268:13-49
	android:launchMode
		ADDED from src/main/AndroidManifest.xml:267:13-44
	android:name
		ADDED from src/main/AndroidManifest.xml:266:13-57
activity#com.hlj.activity.SinglePDFActivity
ADDED from src/main/AndroidManifest.xml:270:9-273:52
	android:screenOrientation
		ADDED from src/main/AndroidManifest.xml:273:13-49
	android:launchMode
		ADDED from src/main/AndroidManifest.xml:272:13-44
	android:name
		ADDED from src/main/AndroidManifest.xml:271:13-62
activity#com.hlj.activity.NewsActivity
ADDED from src/main/AndroidManifest.xml:275:9-278:52
	android:screenOrientation
		ADDED from src/main/AndroidManifest.xml:278:13-49
	android:launchMode
		ADDED from src/main/AndroidManifest.xml:277:13-44
	android:name
		ADDED from src/main/AndroidManifest.xml:276:13-57
activity#com.hlj.activity.ProductActivity
ADDED from src/main/AndroidManifest.xml:280:9-283:52
	android:screenOrientation
		ADDED from src/main/AndroidManifest.xml:283:13-49
	android:launchMode
		ADDED from src/main/AndroidManifest.xml:282:13-44
	android:name
		ADDED from src/main/AndroidManifest.xml:281:13-60
activity#com.hlj.activity.ShawnWeatherMeetingActivity
ADDED from src/main/AndroidManifest.xml:285:9-287:52
	android:screenOrientation
		ADDED from src/main/AndroidManifest.xml:287:13-49
	android:name
		ADDED from src/main/AndroidManifest.xml:286:13-72
activity#com.hlj.activity.ShawnWeatherMeetingDetailActivity
ADDED from src/main/AndroidManifest.xml:289:9-293:58
	android:screenOrientation
		ADDED from src/main/AndroidManifest.xml:291:13-47
	android:windowSoftInputMode
		ADDED from src/main/AndroidManifest.xml:293:13-55
	android:configChanges
		ADDED from src/main/AndroidManifest.xml:292:13-83
	android:name
		ADDED from src/main/AndroidManifest.xml:290:13-78
activity#com.hlj.activity.ShawnWeatherMeetingVideoActivity
ADDED from src/main/AndroidManifest.xml:295:9-299:58
	android:screenOrientation
		ADDED from src/main/AndroidManifest.xml:297:13-47
	android:windowSoftInputMode
		ADDED from src/main/AndroidManifest.xml:299:13-55
	android:configChanges
		ADDED from src/main/AndroidManifest.xml:298:13-83
	android:name
		ADDED from src/main/AndroidManifest.xml:296:13-77
activity#com.hlj.activity.ShawnWarningStatisticActivity
ADDED from src/main/AndroidManifest.xml:301:9-303:52
	android:screenOrientation
		ADDED from src/main/AndroidManifest.xml:303:13-49
	android:name
		ADDED from src/main/AndroidManifest.xml:302:13-74
activity#com.hlj.activity.ShawnWarningStatisticListActivity
ADDED from src/main/AndroidManifest.xml:305:9-307:52
	android:screenOrientation
		ADDED from src/main/AndroidManifest.xml:307:13-49
	android:name
		ADDED from src/main/AndroidManifest.xml:306:13-78
activity#com.hlj.activity.ShawnWarningStatisticScreenActivity
ADDED from src/main/AndroidManifest.xml:309:9-311:52
	android:screenOrientation
		ADDED from src/main/AndroidManifest.xml:311:13-49
	android:name
		ADDED from src/main/AndroidManifest.xml:310:13-80
activity#com.hlj.activity.ShawnWarningStatisticScreenAreaActivity
ADDED from src/main/AndroidManifest.xml:313:9-315:52
	android:screenOrientation
		ADDED from src/main/AndroidManifest.xml:315:13-49
	android:name
		ADDED from src/main/AndroidManifest.xml:314:13-84
activity#com.hlj.activity.ShawnProductActivity2
ADDED from src/main/AndroidManifest.xml:317:9-319:52
	android:screenOrientation
		ADDED from src/main/AndroidManifest.xml:319:13-49
	android:name
		ADDED from src/main/AndroidManifest.xml:318:13-66
activity#com.hlj.activity.ShawnStreamFactActivity
ADDED from src/main/AndroidManifest.xml:321:9-323:52
	android:screenOrientation
		ADDED from src/main/AndroidManifest.xml:323:13-49
	android:name
		ADDED from src/main/AndroidManifest.xml:322:13-68
activity#com.hlj.activity.ShawnStreamFactListActivity
ADDED from src/main/AndroidManifest.xml:325:9-327:52
	android:screenOrientation
		ADDED from src/main/AndroidManifest.xml:327:13-49
	android:name
		ADDED from src/main/AndroidManifest.xml:326:13-72
activity#com.hlj.activity.ShawnStrongStreamActivity
ADDED from src/main/AndroidManifest.xml:329:9-331:52
	android:screenOrientation
		ADDED from src/main/AndroidManifest.xml:331:13-49
	android:name
		ADDED from src/main/AndroidManifest.xml:330:13-70
activity#com.hlj.activity.ShawnWaitWindActivity
ADDED from src/main/AndroidManifest.xml:333:9-335:52
	android:screenOrientation
		ADDED from src/main/AndroidManifest.xml:335:13-49
	android:name
		ADDED from src/main/AndroidManifest.xml:334:13-66
meta-data#UMENG_APPKEY
ADDED from src/main/AndroidManifest.xml:339:9-341:56
	android:value
		ADDED from src/main/AndroidManifest.xml:341:13-53
	android:name
		ADDED from src/main/AndroidManifest.xml:340:13-40
meta-data#UMENG_MESSAGE_SECRET
ADDED from src/main/AndroidManifest.xml:342:9-344:64
	android:value
		ADDED from src/main/AndroidManifest.xml:344:13-61
	android:name
		ADDED from src/main/AndroidManifest.xml:343:13-48
service#com.taobao.accs.ChannelService
ADDED from src/main/AndroidManifest.xml:347:9-357:19
	android:process
		ADDED from src/main/AndroidManifest.xml:350:13-39
	android:exported
		ADDED from src/main/AndroidManifest.xml:349:13-36
	android:name
		ADDED from src/main/AndroidManifest.xml:348:13-58
intent-filter#action:name:com.taobao.accs.intent.action.SERVICE
ADDED from src/main/AndroidManifest.xml:351:13-353:29
action#com.taobao.accs.intent.action.SERVICE
ADDED from src/main/AndroidManifest.xml:352:17-80
	android:name
		ADDED from src/main/AndroidManifest.xml:352:25-77
intent-filter#action:name:com.taobao.accs.intent.action.ELECTION
ADDED from src/main/AndroidManifest.xml:354:13-356:29
action#com.taobao.accs.intent.action.ELECTION
ADDED from src/main/AndroidManifest.xml:355:17-81
	android:name
		ADDED from src/main/AndroidManifest.xml:355:25-78
service#com.taobao.accs.data.MsgDistributeService
ADDED from src/main/AndroidManifest.xml:358:9-364:19
	android:exported
		ADDED from src/main/AndroidManifest.xml:360:13-36
	android:name
		ADDED from src/main/AndroidManifest.xml:359:13-69
intent-filter#action:name:com.taobao.accs.intent.action.RECEIVE
ADDED from src/main/AndroidManifest.xml:361:13-363:29
action#com.taobao.accs.intent.action.RECEIVE
ADDED from src/main/AndroidManifest.xml:362:17-80
	android:name
		ADDED from src/main/AndroidManifest.xml:362:25-77
receiver#com.taobao.accs.EventReceiver
ADDED from src/main/AndroidManifest.xml:366:9-383:20
	android:process
		ADDED from src/main/AndroidManifest.xml:368:13-39
	android:name
		ADDED from src/main/AndroidManifest.xml:367:13-57
intent-filter#action:name:android.intent.action.BOOT_COMPLETED
ADDED from src/main/AndroidManifest.xml:369:13-371:29
action#android.intent.action.BOOT_COMPLETED
ADDED from src/main/AndroidManifest.xml:370:17-79
	android:name
		ADDED from src/main/AndroidManifest.xml:370:25-76
intent-filter#action:name:android.net.conn.CONNECTIVITY_CHANGE
ADDED from src/main/AndroidManifest.xml:372:13-374:29
action#android.net.conn.CONNECTIVITY_CHANGE
ADDED from src/main/AndroidManifest.xml:373:17-79
	android:name
		ADDED from src/main/AndroidManifest.xml:373:25-76
intent-filter#action:name:android.intent.action.PACKAGE_REMOVED+data:scheme:package
ADDED from src/main/AndroidManifest.xml:375:13-379:29
action#android.intent.action.PACKAGE_REMOVED
ADDED from src/main/AndroidManifest.xml:376:17-80
	android:name
		ADDED from src/main/AndroidManifest.xml:376:25-77
data
ADDED from src/main/AndroidManifest.xml:378:17-50
	android:scheme
		ADDED from src/main/AndroidManifest.xml:378:23-47
intent-filter#action:name:android.intent.action.USER_PRESENT
ADDED from src/main/AndroidManifest.xml:380:13-382:29
action#android.intent.action.USER_PRESENT
ADDED from src/main/AndroidManifest.xml:381:17-77
	android:name
		ADDED from src/main/AndroidManifest.xml:381:25-74
receiver#com.taobao.accs.ServiceReceiver
ADDED from src/main/AndroidManifest.xml:384:9-393:20
	android:process
		ADDED from src/main/AndroidManifest.xml:386:13-39
	android:name
		ADDED from src/main/AndroidManifest.xml:385:13-59
intent-filter#action:name:com.taobao.accs.intent.action.COMMAND
ADDED from src/main/AndroidManifest.xml:387:13-389:29
action#com.taobao.accs.intent.action.COMMAND
ADDED from src/main/AndroidManifest.xml:388:17-80
	android:name
		ADDED from src/main/AndroidManifest.xml:388:25-77
intent-filter#action:name:com.taobao.accs.intent.action.START_FROM_AGOO
ADDED from src/main/AndroidManifest.xml:390:13-392:29
action#com.taobao.accs.intent.action.START_FROM_AGOO
ADDED from src/main/AndroidManifest.xml:391:17-88
	android:name
		ADDED from src/main/AndroidManifest.xml:391:25-85
service#com.taobao.accs.ChannelService$KernelService
ADDED from src/main/AndroidManifest.xml:395:9-397:41
	android:process
		ADDED from src/main/AndroidManifest.xml:397:13-39
	android:name
		ADDED from src/main/AndroidManifest.xml:396:13-72
service#org.android.agoo.accs.AgooService
ADDED from src/main/AndroidManifest.xml:398:9-404:19
	android:exported
		ADDED from src/main/AndroidManifest.xml:400:13-36
	android:name